[debug] [2023-09-15T18:09:11.142Z] ----------------------------------------------------------------------
[debug] [2023-09-15T18:09:11.144Z] Command:       C:\Program Files\nodejs\node.exe C:\Users\david\AppData\Roaming\npm\node_modules\firebase-tools\lib\bin\firebase.js deploy
[debug] [2023-09-15T18:09:11.144Z] CLI Version:   12.5.4
[debug] [2023-09-15T18:09:11.144Z] Platform:      win32
[debug] [2023-09-15T18:09:11.145Z] Node Version:  v18.17.0
[debug] [2023-09-15T18:09:11.145Z] Time:          Fri Sep 15 2023 15:09:11 GMT-0300 (Horário Padrão de Brasília)
[debug] [2023-09-15T18:09:11.145Z] ----------------------------------------------------------------------
[debug] 
[debug] [2023-09-15T18:09:11.203Z] > command requires scopes: ["email","openid","https://www.googleapis.com/auth/cloudplatformprojects.readonly","https://www.googleapis.com/auth/firebase","https://www.googleapis.com/auth/cloud-platform"]
[debug] [2023-09-15T18:09:11.203Z] > authorizing via signed-in user (davidbasilefilho@gmail.com)
[debug] [2023-09-15T18:09:11.204Z] [iam] checking project basile-drive for permissions ["firebase.projects.get","firebasehosting.sites.update"]
[debug] [2023-09-15T18:09:11.205Z] >>> [apiv2][query] POST https://cloudresourcemanager.googleapis.com/v1/projects/basile-drive:testIamPermissions [none]
[debug] [2023-09-15T18:09:11.205Z] >>> [apiv2][(partial)header] POST https://cloudresourcemanager.googleapis.com/v1/projects/basile-drive:testIamPermissions x-goog-quota-user=projects/basile-drive
[debug] [2023-09-15T18:09:11.206Z] >>> [apiv2][body] POST https://cloudresourcemanager.googleapis.com/v1/projects/basile-drive:testIamPermissions {"permissions":["firebase.projects.get","firebasehosting.sites.update"]}
[debug] [2023-09-15T18:09:12.085Z] <<< [apiv2][status] POST https://cloudresourcemanager.googleapis.com/v1/projects/basile-drive:testIamPermissions 200
[debug] [2023-09-15T18:09:12.086Z] <<< [apiv2][body] POST https://cloudresourcemanager.googleapis.com/v1/projects/basile-drive:testIamPermissions {"permissions":["firebase.projects.get","firebasehosting.sites.update"]}
[debug] [2023-09-15T18:09:12.086Z] >>> [apiv2][query] GET https://firebase.googleapis.com/v1beta1/projects/basile-drive [none]
[debug] [2023-09-15T18:09:12.616Z] <<< [apiv2][status] GET https://firebase.googleapis.com/v1beta1/projects/basile-drive 200
[debug] [2023-09-15T18:09:12.616Z] <<< [apiv2][body] GET https://firebase.googleapis.com/v1beta1/projects/basile-drive {"projectId":"basile-drive","projectNumber":"538783110527","displayName":"basile-drive","name":"projects/basile-drive","resources":{"hostingSite":"basile-drive"},"state":"ACTIVE","etag":"1_69b5054e-d247-497d-aee0-3c658cf0ac52"}
[debug] [2023-09-15T18:09:15.880Z] >>> [apiv2][query] GET https://firebasehosting.googleapis.com/v1beta1/projects/basile-drive/sites pageToken=&pageSize=10
[debug] [2023-09-15T18:09:17.004Z] <<< [apiv2][status] GET https://firebasehosting.googleapis.com/v1beta1/projects/basile-drive/sites 200
[debug] [2023-09-15T18:09:17.005Z] <<< [apiv2][body] GET https://firebasehosting.googleapis.com/v1beta1/projects/basile-drive/sites {"sites":[{"name":"projects/basile-drive/sites/basile-drive","defaultUrl":"https://basile-drive.web.app","appId":"1:538783110527:web:302e4e359dbd1f6666b64a","type":"DEFAULT_SITE"}]}
[debug] [2023-09-15T18:09:17.005Z] >>> [apiv2][query] GET https://firebase.googleapis.com/v1beta1/projects/-/webApps/1:538783110527:web:302e4e359dbd1f6666b64a/config [none]
[debug] [2023-09-15T18:09:18.261Z] <<< [apiv2][status] GET https://firebase.googleapis.com/v1beta1/projects/-/webApps/1:538783110527:web:302e4e359dbd1f6666b64a/config 200
[debug] [2023-09-15T18:09:18.261Z] <<< [apiv2][body] GET https://firebase.googleapis.com/v1beta1/projects/-/webApps/1:538783110527:web:302e4e359dbd1f6666b64a/config {"projectId":"basile-drive","appId":"1:538783110527:web:302e4e359dbd1f6666b64a","storageBucket":"basile-drive.appspot.com","apiKey":"AIzaSyDmSAafK4uRWQEAfFAy7p3FpZtCEzDNMQI","authDomain":"basile-drive.firebaseapp.com","messagingSenderId":"538783110527","measurementId":"G-96XTS4EWWK"}
[info] 
   Thank you for trying our early preview of Next.js support on Firebase Hosting.
   During the preview, support is best-effort and breaking changes can be expected. Proceed with caution.

   Documentation: https://firebase.google.com/docs/hosting/frameworks/nextjs
   File a bug: https://github.com/firebase/firebase-tools/issues/new?template=bug_report.md
   Submit a feature request: https://github.com/firebase/firebase-tools/issues/new?template=feature_request.md

   We'd love to learn from you. Express your interest in helping us shape the future of Firebase Hosting: https://goo.gle/41enW5X

[info] - info Loaded env from C:\dev\web\basile-drive\.env.local

[info] - info Linting and checking validity of types...

[info] 
Failed to compile.

[info] 
./src/pages/login/index.tsx
87:28  Error: `'` can be escaped with `&apos;`, `&lsquo;`, `&#39;`, `&rsquo;`.  react/no-unescaped-entities

info  - Need to disable some ESLint rules? Learn more here: https://nextjs.org/docs/basic-features/eslint#disabling-rules

[debug] [2023-09-15T18:09:31.274Z] Error: ENOENT: no such file or directory, open 'C:\dev\web\basile-drive\.next\export-marker.json'
[error] 
[error] Error: An unexpected error has occurred.
[debug] [2023-09-15T18:10:00.943Z] ----------------------------------------------------------------------
[debug] [2023-09-15T18:10:00.945Z] Command:       C:\Program Files\nodejs\node.exe C:\Users\david\AppData\Roaming\npm\node_modules\firebase-tools\lib\bin\firebase.js deploy
[debug] [2023-09-15T18:10:00.945Z] CLI Version:   12.5.4
[debug] [2023-09-15T18:10:00.945Z] Platform:      win32
[debug] [2023-09-15T18:10:00.945Z] Node Version:  v18.17.0
[debug] [2023-09-15T18:10:00.946Z] Time:          Fri Sep 15 2023 15:10:00 GMT-0300 (Horário Padrão de Brasília)
[debug] [2023-09-15T18:10:00.946Z] ----------------------------------------------------------------------
[debug] 
[debug] [2023-09-15T18:10:00.999Z] > command requires scopes: ["email","openid","https://www.googleapis.com/auth/cloudplatformprojects.readonly","https://www.googleapis.com/auth/firebase","https://www.googleapis.com/auth/cloud-platform"]
[debug] [2023-09-15T18:10:00.999Z] > authorizing via signed-in user (davidbasilefilho@gmail.com)
[debug] [2023-09-15T18:10:01.000Z] [iam] checking project basile-drive for permissions ["firebase.projects.get","firebasehosting.sites.update"]
[debug] [2023-09-15T18:10:01.001Z] >>> [apiv2][query] POST https://cloudresourcemanager.googleapis.com/v1/projects/basile-drive:testIamPermissions [none]
[debug] [2023-09-15T18:10:01.001Z] >>> [apiv2][(partial)header] POST https://cloudresourcemanager.googleapis.com/v1/projects/basile-drive:testIamPermissions x-goog-quota-user=projects/basile-drive
[debug] [2023-09-15T18:10:01.002Z] >>> [apiv2][body] POST https://cloudresourcemanager.googleapis.com/v1/projects/basile-drive:testIamPermissions {"permissions":["firebase.projects.get","firebasehosting.sites.update"]}
[debug] [2023-09-15T18:10:01.889Z] <<< [apiv2][status] POST https://cloudresourcemanager.googleapis.com/v1/projects/basile-drive:testIamPermissions 200
[debug] [2023-09-15T18:10:01.889Z] <<< [apiv2][body] POST https://cloudresourcemanager.googleapis.com/v1/projects/basile-drive:testIamPermissions {"permissions":["firebase.projects.get","firebasehosting.sites.update"]}
[debug] [2023-09-15T18:10:01.890Z] >>> [apiv2][query] GET https://firebase.googleapis.com/v1beta1/projects/basile-drive [none]
[debug] [2023-09-15T18:10:02.324Z] <<< [apiv2][status] GET https://firebase.googleapis.com/v1beta1/projects/basile-drive 200
[debug] [2023-09-15T18:10:02.324Z] <<< [apiv2][body] GET https://firebase.googleapis.com/v1beta1/projects/basile-drive {"projectId":"basile-drive","projectNumber":"538783110527","displayName":"basile-drive","name":"projects/basile-drive","resources":{"hostingSite":"basile-drive"},"state":"ACTIVE","etag":"1_69b5054e-d247-497d-aee0-3c658cf0ac52"}
[debug] [2023-09-15T18:10:05.546Z] >>> [apiv2][query] GET https://firebasehosting.googleapis.com/v1beta1/projects/basile-drive/sites pageToken=&pageSize=10
[debug] [2023-09-15T18:10:06.585Z] <<< [apiv2][status] GET https://firebasehosting.googleapis.com/v1beta1/projects/basile-drive/sites 200
[debug] [2023-09-15T18:10:06.585Z] <<< [apiv2][body] GET https://firebasehosting.googleapis.com/v1beta1/projects/basile-drive/sites {"sites":[{"name":"projects/basile-drive/sites/basile-drive","defaultUrl":"https://basile-drive.web.app","appId":"1:538783110527:web:302e4e359dbd1f6666b64a","type":"DEFAULT_SITE"}]}
[debug] [2023-09-15T18:10:06.585Z] >>> [apiv2][query] GET https://firebase.googleapis.com/v1beta1/projects/-/webApps/1:538783110527:web:302e4e359dbd1f6666b64a/config [none]
[debug] [2023-09-15T18:10:20.561Z] ----------------------------------------------------------------------
[debug] [2023-09-15T18:10:20.562Z] Command:       C:\Program Files\nodejs\node.exe C:\Users\david\AppData\Roaming\npm\node_modules\firebase-tools\lib\bin\firebase.js deploy
[debug] [2023-09-15T18:10:20.563Z] CLI Version:   12.5.4
[debug] [2023-09-15T18:10:20.563Z] Platform:      win32
[debug] [2023-09-15T18:10:20.563Z] Node Version:  v18.17.0
[debug] [2023-09-15T18:10:20.564Z] Time:          Fri Sep 15 2023 15:10:20 GMT-0300 (Horário Padrão de Brasília)
[debug] [2023-09-15T18:10:20.564Z] ----------------------------------------------------------------------
[debug] 
[debug] [2023-09-15T18:10:20.614Z] > command requires scopes: ["email","openid","https://www.googleapis.com/auth/cloudplatformprojects.readonly","https://www.googleapis.com/auth/firebase","https://www.googleapis.com/auth/cloud-platform"]
[debug] [2023-09-15T18:10:20.615Z] > authorizing via signed-in user (davidbasilefilho@gmail.com)
[debug] [2023-09-15T18:10:20.615Z] [iam] checking project basile-drive for permissions ["firebase.projects.get","firebasehosting.sites.update"]
[debug] [2023-09-15T18:10:20.616Z] >>> [apiv2][query] POST https://cloudresourcemanager.googleapis.com/v1/projects/basile-drive:testIamPermissions [none]
[debug] [2023-09-15T18:10:20.617Z] >>> [apiv2][(partial)header] POST https://cloudresourcemanager.googleapis.com/v1/projects/basile-drive:testIamPermissions x-goog-quota-user=projects/basile-drive
[debug] [2023-09-15T18:10:20.617Z] >>> [apiv2][body] POST https://cloudresourcemanager.googleapis.com/v1/projects/basile-drive:testIamPermissions {"permissions":["firebase.projects.get","firebasehosting.sites.update"]}
[debug] [2023-09-15T18:10:21.492Z] <<< [apiv2][status] POST https://cloudresourcemanager.googleapis.com/v1/projects/basile-drive:testIamPermissions 200
[debug] [2023-09-15T18:10:21.492Z] <<< [apiv2][body] POST https://cloudresourcemanager.googleapis.com/v1/projects/basile-drive:testIamPermissions {"permissions":["firebase.projects.get","firebasehosting.sites.update"]}
[debug] [2023-09-15T18:10:21.493Z] >>> [apiv2][query] GET https://firebase.googleapis.com/v1beta1/projects/basile-drive [none]
[debug] [2023-09-15T18:10:21.930Z] <<< [apiv2][status] GET https://firebase.googleapis.com/v1beta1/projects/basile-drive 200
